<?xml version="1.0" encoding="UTF-8"?>
<!-- Generated by org.testng.reporters.JUnitReportReporter -->
<testsuite hostname="DESKTOP-3TF58B1" failures="0" tests="1" name="first.AuzmorLearn" time="0.047" errors="0" timestamp="7 Nov 2019 08:56:20 GMT">
  <testcase classname="first.AuzmorLearn" name="testSonar" time="0.047"/>
</testsuite> <!-- first.AuzmorLearn -->
