<?xml version="1.0" encoding="UTF-8"?>
<!-- Generated by org.testng.reporters.JUnitReportReporter -->
<testsuite hostname="DESKTOP-3TF58B1" failures="0" tests="1" name="TestNG.TestNGSample" time="15.187" errors="0" timestamp="8 Nov 2019 05:54:42 GMT">
  <testcase classname="TestNG.TestNGSample" name="verifyHomepageTitle" time="15.187"/>
</testsuite> <!-- TestNG.TestNGSample -->
